<?xml version="1.0" encoding="UTF-8"?>
<!-- Generated by org.testng.reporters.JUnitReportReporter -->
<testsuite skipped="0" hostname="Shalinis-MacBook-Pro.local" name="com.citrus.myproject.ExtentReportTest" tests="1" failures="0" timestamp="28 Sep 2020 18:47:23 GMT" time="1.096" errors="0">
  <testcase name="test1" time="1.096" classname="com.citrus.myproject.ExtentReportTest"/>
</testsuite> <!-- com.citrus.myproject.ExtentReportTest -->
