<?xml version="1.0" encoding="UTF-8"?>
<testsuite name="com.citrus.myproject.SampleBehaviorDemoIT" time="0.0" tests="2" errors="0" skipped="0" failures="0">
    <testcase name="SampleBehaviorDemoIT.test1" classname="com.citrus.myproject.SampleBehaviorDemoIT" time="0.0"/>
    <testcase name="SampleBehaviorDemoIT.test2" classname="com.citrus.myproject.SampleBehaviorDemoIT" time="0.0"/>
</testsuite>