<?xml version="1.0" encoding="UTF-8"?>
<testsuite name="com.citrus.myproject.SampleJavaRunnerIT" time="0.0" tests="1" errors="0" skipped="0" failures="0">
    <testcase name="SampleJavaRunnerIT.testLogService" classname="com.citrus.myproject.SampleJavaRunnerIT" time="0.0"/>
</testsuite>