<?xml version="1.0" encoding="UTF-8"?>
<testsuite name="com.citrus.myproject.SampleResourceInjectionJunit" time="0.0" tests="2" errors="0" skipped="0" failures="0">
    <testcase name="SampleResourceInjectionJunit.injectDesigner" classname="com.citrus.myproject.SampleResourceInjectionJunit" time="0.0"/>
    <testcase name="SampleResourceInjectionJunit.injectRunner" classname="com.citrus.myproject.SampleResourceInjectionJunit" time="0.0"/>
</testsuite>