<?xml version="1.0" encoding="UTF-8"?>
<testsuite name="com.citrus.myproject.SampleResourceInjection" time="0.0" tests="2" errors="0" skipped="0" failures="0">
    <testcase name="SampleResourceInjection.injectDesigner" classname="com.citrus.myproject.SampleResourceInjection" time="0.0"/>
    <testcase name="SampleResourceInjection.injectRunner" classname="com.citrus.myproject.SampleResourceInjection" time="0.0"/>
</testsuite>