<?xml version="1.0" encoding="UTF-8"?>
<!-- Generated by org.testng.reporters.JUnitReportReporter -->
<testsuite skipped="0" hostname="Shalinis-MacBook-Pro.local" name="com.citrus.myproject.SampleJavaRunnerIT" tests="1" failures="0" timestamp="04 Apr 2020 15:54:57 GMT" time="0.177" errors="0">
  <testcase name="testLogService" time="0.177" classname="com.citrus.myproject.SampleJavaRunnerIT"/>
</testsuite> <!-- com.citrus.myproject.SampleJavaRunnerIT -->
