<?xml version="1.0" encoding="UTF-8"?>
<!-- Generated by org.testng.reporters.JUnitReportReporter -->
<testsuite skipped="0" hostname="Shalinis-MacBook-Pro.local" name="com.citrus.myproject.SampleXmlIT" tests="1" failures="0" timestamp="28 Sep 2020 18:49:34 GMT" time="0.354" errors="0">
  <testcase name="sampleXml" time="0.354" classname="com.citrus.myproject.SampleXmlIT"/>
</testsuite> <!-- com.citrus.myproject.SampleXmlIT -->
