<?xml version="1.0" encoding="UTF-8"?>
<!-- Generated by org.testng.reporters.JUnitReportReporter -->
<testsuite skipped="2" hostname="Shalinis-MacBook-Pro.local" name="com.citrus.myproject.SampleCitrusFunctionsDemoIT" tests="3" failures="0" timestamp="26 Apr 2020 13:05:10 GMT" time="0.873" errors="0">
  <testcase name="testJsonFunctions" time="0.873" classname="com.citrus.myproject.SampleCitrusFunctionsDemoIT"/>
  <testcase name="testStringFunctions" classname="com.citrus.myproject.SampleCitrusFunctionsDemoIT">
    <skipped/>
  </testcase> <!-- testStringFunctions -->
  <testcase name="testNumberFunctions" classname="com.citrus.myproject.SampleCitrusFunctionsDemoIT">
    <skipped/>
  </testcase> <!-- testNumberFunctions -->
</testsuite> <!-- com.citrus.myproject.SampleCitrusFunctionsDemoIT -->
