<?xml version="1.0" encoding="UTF-8"?>
<!-- Generated by org.testng.reporters.JUnitReportReporter -->
<testsuite skipped="2" hostname="Shalinis-MacBook-Pro.local" name="com.citrus.myproject.SampleHttpRestDemo" tests="3" failures="0" timestamp="17 Jun 2020 14:09:21 GMT" time="0.928" errors="0">
  <testcase name="testGetCustomerById" time="0.928" classname="com.citrus.myproject.SampleHttpRestDemo"/>
  <testcase name="testAddCustomer" classname="com.citrus.myproject.SampleHttpRestDemo">
    <skipped/>
  </testcase> <!-- testAddCustomer -->
  <testcase name="testGetAllCustomers" classname="com.citrus.myproject.SampleHttpRestDemo">
    <skipped/>
  </testcase> <!-- testGetAllCustomers -->
</testsuite> <!-- com.citrus.myproject.SampleHttpRestDemo -->
