<?xml version="1.0" encoding="UTF-8"?>
<!-- Generated by org.testng.reporters.JUnitReportReporter -->
<testsuite skipped="0" hostname="Shalinis-MacBook-Pro.local" name="com.citrus.myproject.SampleJavaIDesignerDrawbackIT" tests="1" failures="0" timestamp="04 Apr 2020 08:14:47 GMT" time="0.248" errors="0">
  <testcase name="testLogService" time="0.248" classname="com.citrus.myproject.SampleJavaIDesignerDrawbackIT"/>
</testsuite> <!-- com.citrus.myproject.SampleJavaIDesignerDrawbackIT -->
