<?xml version="1.0" encoding="UTF-8"?>
<!-- Generated by org.testng.reporters.JUnitReportReporter -->
<testsuite skipped="0" hostname="Shalinis-MacBook-Pro.local" name="com.citrus.myproject.SampleBehaviorDemoIT" tests="2" failures="0" timestamp="06 Apr 2020 02:28:03 GMT" time="0.298" errors="0">
  <testcase name="test1" time="0.182" classname="com.citrus.myproject.SampleBehaviorDemoIT"/>
  <testcase name="test2" time="0.116" classname="com.citrus.myproject.SampleBehaviorDemoIT"/>
</testsuite> <!-- com.citrus.myproject.SampleBehaviorDemoIT -->
