<?xml version="1.0" encoding="UTF-8"?>
<!-- Generated by org.testng.reporters.JUnitReportReporter -->
<testsuite skipped="0" hostname="Shalinis-MacBook-Pro.local" name="com.citrus.myproject.NormalTest" tests="1" failures="0" timestamp="25 Jun 2020 13:48:40 GMT" time="0.727" errors="0">
  <testcase name="test1" time="0.727" classname="com.citrus.myproject.NormalTest"/>
</testsuite> <!-- com.citrus.myproject.NormalTest -->
