<?xml version="1.0" encoding="UTF-8"?>
<!-- Generated by org.testng.reporters.JUnitReportReporter -->
<testsuite skipped="0" hostname="Shalinis-MacBook-Pro.local" name="com.citrus.myproject.SampleTestNGDataProviderDemo" tests="3" failures="0" timestamp="21 Apr 2020 10:59:55 GMT" time="0.424" errors="0">
  <testcase name="testDataProviders" time="0.120" classname="com.citrus.myproject.SampleTestNGDataProviderDemo"/>
  <testcase name="testDataProviders" time="0.114" classname="com.citrus.myproject.SampleTestNGDataProviderDemo"/>
  <testcase name="testDataProviders" time="0.190" classname="com.citrus.myproject.SampleTestNGDataProviderDemo"/>
</testsuite> <!-- com.citrus.myproject.SampleTestNGDataProviderDemo -->
