<?xml version="1.0" encoding="UTF-8"?>
<!-- Generated by org.testng.reporters.JUnitReportReporter -->
<testsuite skipped="0" hostname="Shalinis-MacBook-Pro.local" name="com.citrus.myproject.SampleJavaIT" tests="2" failures="0" timestamp="04 Apr 2020 13:49:43 GMT" time="0.254" errors="0">
  <testcase name="echoToday" time="0.142" classname="com.citrus.myproject.SampleJavaIT"/>
  <testcase name="sayHello" time="0.112" classname="com.citrus.myproject.SampleJavaIT"/>
</testsuite> <!-- com.citrus.myproject.SampleJavaIT -->
