<?xml version="1.0" encoding="UTF-8"?>
<!-- Generated by org.testng.reporters.JUnitReportReporter -->
<testsuite skipped="0" hostname="Shalinis-MacBook-Pro.local" name="com.citrus.myproject.SmapleVariableDemo" tests="2" failures="0" timestamp="25 Jun 2020 13:50:52 GMT" time="0.998" errors="0">
  <testcase name="testVariable1" time="0.888" classname="com.citrus.myproject.SmapleVariableDemo"/>
  <testcase name="testVariable2" time="0.110" classname="com.citrus.myproject.SmapleVariableDemo"/>
</testsuite> <!-- com.citrus.myproject.SmapleVariableDemo -->
