<?xml version="1.0" encoding="UTF-8"?>
<!-- Generated by org.testng.reporters.JUnitReportReporter -->
<testsuite skipped="0" hostname="Shalinis-MacBook-Pro.local" name="com.citrus.myproject.SampleResourceInjection" tests="2" failures="0" timestamp="04 Apr 2020 16:08:41 GMT" time="0.319" errors="0">
  <testcase name="injectDesigner" time="0.183" classname="com.citrus.myproject.SampleResourceInjection"/>
  <testcase name="injectRunner" time="0.136" classname="com.citrus.myproject.SampleResourceInjection"/>
</testsuite> <!-- com.citrus.myproject.SampleResourceInjection -->
