<?xml version="1.0" encoding="UTF-8"?>
<!-- Generated by org.testng.reporters.JUnitReportReporter -->
<testsuite skipped="0" hostname="Shalinis-MacBook-Pro.local" name="com.citrus.myproject.SampleJavaJunit4IT" tests="1" failures="0" timestamp="28 Sep 2020 18:47:27 GMT" time="0.142" errors="0">
  <testcase name="sayHelloFromJunit" time="0.142" classname="com.citrus.myproject.SampleJavaJunit4IT"/>
</testsuite> <!-- com.citrus.myproject.SampleJavaJunit4IT -->
