<?xml version="1.0" encoding="UTF-8"?>
<!-- Generated by org.testng.reporters.JUnitReportReporter -->
<testsuite skipped="2" hostname="Shalinis-MacBook-Pro.local" name="com.citrus.myproject.SampleJavaIT" tests="2" failures="0" timestamp="28 Sep 2020 18:47:27 GMT" time="0.000" errors="0">
  <testcase name="echoToday" time="0.000" classname="com.citrus.myproject.SampleJavaIT">
    <skipped/>
  </testcase> <!-- echoToday -->
  <testcase name="sayHello" time="0.000" classname="com.citrus.myproject.SampleJavaIT">
    <skipped/>
  </testcase> <!-- sayHello -->
</testsuite> <!-- com.citrus.myproject.SampleJavaIT -->
