<?xml version="1.0" encoding="UTF-8"?>
<!-- Generated by org.testng.reporters.JUnitReportReporter -->
<testsuite skipped="1" hostname="Shalinis-MacBook-Pro.local" name="com.citrus.myproject.SampleJavaIDesignerDrawbackIT" tests="1" failures="0" timestamp="28 Sep 2020 18:47:27 GMT" time="0.000" errors="0">
  <testcase name="testLogService" time="0.000" classname="com.citrus.myproject.SampleJavaIDesignerDrawbackIT">
    <skipped/>
  </testcase> <!-- testLogService -->
</testsuite> <!-- com.citrus.myproject.SampleJavaIDesignerDrawbackIT -->
