<?xml version="1.0" encoding="UTF-8"?>
<!-- Generated by org.testng.reporters.JUnitReportReporter -->
<testsuite skipped="0" hostname="Shalinis-MacBook-Pro.local" name="com.citrus.myproject.SampleBehaviorDemoIT" tests="2" failures="0" timestamp="28 Sep 2020 18:47:27 GMT" time="0.302" errors="0">
  <testcase name="test2" time="0.108" classname="com.citrus.myproject.SampleBehaviorDemoIT"/>
  <testcase name="test1" time="0.194" classname="com.citrus.myproject.SampleBehaviorDemoIT"/>
</testsuite> <!-- com.citrus.myproject.SampleBehaviorDemoIT -->
